[2020-04-26T01:39:32.134] [ERROR] access - ::1 - - "GET /account/yuta.sato@sample.com HTTP/1.1" 500 1691 "" "Mozilla/5.0 (Macintosh; Intel Mac OS X 10_15_3) AppleWebKit/537.36 (KHTML, like Gecko) Chrome/80.0.3987.132 Safari/537.36"
[2020-04-26T01:39:41.916] [ERROR] access - ::1 - - "GET /account/yuta.sato@sample.com HTTP/1.1" 500 1691 "" "Mozilla/5.0 (Macintosh; Intel Mac OS X 10_15_3) AppleWebKit/537.36 (KHTML, like Gecko) Chrome/80.0.3987.132 Safari/537.36"
[2020-04-26T01:39:45.616] [ERROR] access - ::1 - - "GET /account/yuta.sato@sample.com HTTP/1.1" 500 1691 "" "Mozilla/5.0 (Macintosh; Intel Mac OS X 10_15_3) AppleWebKit/537.36 (KHTML, like Gecko) Chrome/80.0.3987.132 Safari/537.36"
[2020-04-26T01:42:04.431] [ERROR] access - ::1 - - "GET /account/yuta.sato@sample.com HTTP/1.1" 500 1691 "" "Mozilla/5.0 (Macintosh; Intel Mac OS X 10_15_3) AppleWebKit/537.36 (KHTML, like Gecko) Chrome/80.0.3987.132 Safari/537.36"
[2020-04-26T01:42:17.502] [ERROR] access - ::1 - - "GET /account/yuta.sato@sample.com HTTP/1.1" 500 1691 "" "Mozilla/5.0 (Macintosh; Intel Mac OS X 10_15_3) AppleWebKit/537.36 (KHTML, like Gecko) Chrome/80.0.3987.132 Safari/537.36"
[2020-04-26T01:43:32.024] [ERROR] access - ::1 - - "GET /account/yuta.sato@sample.com HTTP/1.1" 500 1691 "" "Mozilla/5.0 (Macintosh; Intel Mac OS X 10_15_3) AppleWebKit/537.36 (KHTML, like Gecko) Chrome/80.0.3987.132 Safari/537.36"
[2020-04-26T01:43:44.485] [ERROR] access - ::1 - - "GET /account/yuta.sato@sample.com HTTP/1.1" 500 1691 "" "Mozilla/5.0 (Macintosh; Intel Mac OS X 10_15_3) AppleWebKit/537.36 (KHTML, like Gecko) Chrome/80.0.3987.132 Safari/537.36"
[2020-04-26T14:19:22.224] [ERROR] access - ::1 - - "GET /account/users HTTP/1.1" 500 1993 "http://localhost:3000/account" "Mozilla/5.0 (Macintosh; Intel Mac OS X 10_15_3) AppleWebKit/537.36 (KHTML, like Gecko) Chrome/80.0.3987.132 Safari/537.36"
[2020-04-26T14:46:25.329] [ERROR] access - ::1 - - "GET /account/users HTTP/1.1" 500 1993 "http://localhost:3000/account/" "Mozilla/5.0 (Macintosh; Intel Mac OS X 10_15_3) AppleWebKit/537.36 (KHTML, like Gecko) Chrome/80.0.3987.132 Safari/537.36"
[2020-04-26T14:47:29.428] [ERROR] access - ::1 - - "GET /account/users HTTP/1.1" 500 1993 "http://localhost:3000/account/" "Mozilla/5.0 (Macintosh; Intel Mac OS X 10_15_3) AppleWebKit/537.36 (KHTML, like Gecko) Chrome/80.0.3987.132 Safari/537.36"
[2020-04-26T14:48:01.631] [ERROR] access - ::1 - - "GET /account/users HTTP/1.1" 500 1993 "http://localhost:3000/search" "Mozilla/5.0 (Macintosh; Intel Mac OS X 10_15_3) AppleWebKit/537.36 (KHTML, like Gecko) Chrome/80.0.3987.132 Safari/537.36"
[2020-04-26T14:48:19.519] [ERROR] access - ::1 - - "GET /account/users HTTP/1.1" 500 1683 "http://localhost:3000/account/users" "Mozilla/5.0 (Macintosh; Intel Mac OS X 10_15_3) AppleWebKit/537.36 (KHTML, like Gecko) Chrome/80.0.3987.132 Safari/537.36"
[2020-04-26T14:48:27.237] [ERROR] access - ::1 - - "GET /account/users HTTP/1.1" 500 1993 "http://localhost:3000/account/" "Mozilla/5.0 (Macintosh; Intel Mac OS X 10_15_3) AppleWebKit/537.36 (KHTML, like Gecko) Chrome/80.0.3987.132 Safari/537.36"
[2020-04-26T14:49:07.475] [ERROR] access - ::1 - - "GET /account/users HTTP/1.1" 500 1733 "http://localhost:3000/account/" "Mozilla/5.0 (Macintosh; Intel Mac OS X 10_15_3) AppleWebKit/537.36 (KHTML, like Gecko) Chrome/80.0.3987.132 Safari/537.36"
[2020-04-26T14:51:49.216] [ERROR] access - ::1 - - "GET /account/users HTTP/1.1" 500 1748 "http://localhost:3000/account/" "Mozilla/5.0 (Macintosh; Intel Mac OS X 10_15_3) AppleWebKit/537.36 (KHTML, like Gecko) Chrome/80.0.3987.132 Safari/537.36"
[2020-04-26T14:53:51.886] [ERROR] access - ::1 - - "GET /account/users HTTP/1.1" 500 2384 "" "Mozilla/5.0 (Macintosh; Intel Mac OS X 10_15_3) AppleWebKit/537.36 (KHTML, like Gecko) Chrome/80.0.3987.132 Safari/537.36"
[2020-04-26T14:54:26.371] [ERROR] access - ::1 - - "GET /users/yuta.sato@sample.com HTTP/1.1" 404 165 "http://localhost:3000/account/users" "Mozilla/5.0 (Macintosh; Intel Mac OS X 10_15_3) AppleWebKit/537.36 (KHTML, like Gecko) Chrome/80.0.3987.132 Safari/537.36"
[2020-04-26T14:54:30.264] [ERROR] access - ::1 - - "GET /users/yuta.sato@sample.com HTTP/1.1" 404 165 "http://localhost:3000/account/users" "Mozilla/5.0 (Macintosh; Intel Mac OS X 10_15_3) AppleWebKit/537.36 (KHTML, like Gecko) Chrome/80.0.3987.132 Safari/537.36"
[2020-04-26T14:59:51.674] [ERROR] access - ::1 - - "GET /users/yuta.sato@sample.com HTTP/1.1" 500 745 "" "Mozilla/5.0 (Macintosh; Intel Mac OS X 10_15_3) AppleWebKit/537.36 (KHTML, like Gecko) Chrome/80.0.3987.132 Safari/537.36"
[2020-04-26T15:05:03.054] [ERROR] access - ::1 - - "GET /posts/search?keyword=aaa HTTP/1.1" 500 1917 "" "Mozilla/5.0 (Macintosh; Intel Mac OS X 10_15_3) AppleWebKit/537.36 (KHTML, like Gecko) Chrome/80.0.3987.132 Safari/537.36"
[2020-04-26T15:05:38.512] [ERROR] access - ::1 - - "GET /posts/search?keyword=aaa HTTP/1.1" 500 1917 "" "Mozilla/5.0 (Macintosh; Intel Mac OS X 10_15_3) AppleWebKit/537.36 (KHTML, like Gecko) Chrome/80.0.3987.132 Safari/537.36"
[2020-04-26T15:07:29.264] [ERROR] access - ::1 - - "GET /users HTTP/1.1" 404 144 "" "Mozilla/5.0 (Macintosh; Intel Mac OS X 10_15_3) AppleWebKit/537.36 (KHTML, like Gecko) Chrome/80.0.3987.132 Safari/537.36"
[2020-04-26T15:10:41.937] [ERROR] access - ::1 - - "GET /users HTTP/1.1" 404 144 "" "Mozilla/5.0 (Macintosh; Intel Mac OS X 10_15_3) AppleWebKit/537.36 (KHTML, like Gecko) Chrome/80.0.3987.132 Safari/537.36"
[2020-04-26T15:55:19.314] [ERROR] access - ::1 - - "GET /users/yuta.sato@sample.com HTTP/1.1" 500 1826 "http://localhost:3000/users/index" "Mozilla/5.0 (Macintosh; Intel Mac OS X 10_15_3) AppleWebKit/537.36 (KHTML, like Gecko) Chrome/80.0.3987.132 Safari/537.36"
[2020-04-26T15:57:08.264] [ERROR] access - ::1 - - "GET /users/yuta.sato@sample.com HTTP/1.1" 500 1826 "http://localhost:3000/users/index" "Mozilla/5.0 (Macintosh; Intel Mac OS X 10_15_3) AppleWebKit/537.36 (KHTML, like Gecko) Chrome/80.0.3987.132 Safari/537.36"
[2020-04-26T16:00:33.244] [ERROR] access - ::1 - - "GET /users/yuta.sato@sample.com HTTP/1.1" 500 1826 "http://localhost:3000/users/index" "Mozilla/5.0 (Macintosh; Intel Mac OS X 10_15_3) AppleWebKit/537.36 (KHTML, like Gecko) Chrome/80.0.3987.132 Safari/537.36"
[2020-04-26T16:06:54.968] [ERROR] access - ::1 - - "GET /users/yuta.sato@sample.com HTTP/1.1" 500 1826 "http://localhost:3000/users/index" "Mozilla/5.0 (Macintosh; Intel Mac OS X 10_15_3) AppleWebKit/537.36 (KHTML, like Gecko) Chrome/80.0.3987.132 Safari/537.36"
[2020-04-26T16:07:13.381] [ERROR] access - ::1 - - "GET /users/yuta.sato@sample.com HTTP/1.1" 500 1826 "http://localhost:3000/users/index" "Mozilla/5.0 (Macintosh; Intel Mac OS X 10_15_3) AppleWebKit/537.36 (KHTML, like Gecko) Chrome/80.0.3987.132 Safari/537.36"
[2020-04-26T16:08:04.713] [ERROR] access - ::1 - - "GET /users/yuta.sato@sample.com HTTP/1.1" 500 1826 "http://localhost:3000/users/index" "Mozilla/5.0 (Macintosh; Intel Mac OS X 10_15_3) AppleWebKit/537.36 (KHTML, like Gecko) Chrome/80.0.3987.132 Safari/537.36"
[2020-04-26T16:14:20.425] [ERROR] access - ::1 - - "GET /users/yuta.sato@sample.com HTTP/1.1" 500 1826 "http://localhost:3000/users/index" "Mozilla/5.0 (Macintosh; Intel Mac OS X 10_15_3) AppleWebKit/537.36 (KHTML, like Gecko) Chrome/80.0.3987.132 Safari/537.36"
[2020-04-26T16:14:40.811] [ERROR] access - ::1 - - "GET /users/yuta.sato@sample.com HTTP/1.1" 500 1826 "http://localhost:3000/users/index" "Mozilla/5.0 (Macintosh; Intel Mac OS X 10_15_3) AppleWebKit/537.36 (KHTML, like Gecko) Chrome/80.0.3987.132 Safari/537.36"
[2020-04-26T16:16:55.872] [ERROR] access - ::1 - - "GET /users/yuta.sato@sample.com HTTP/1.1" 500 1826 "http://localhost:3000/users/index" "Mozilla/5.0 (Macintosh; Intel Mac OS X 10_15_3) AppleWebKit/537.36 (KHTML, like Gecko) Chrome/80.0.3987.132 Safari/537.36"
[2020-04-26T16:19:51.721] [ERROR] access - ::1 - - "GET /users/yuta.sato@sample.com HTTP/1.1" 500 1826 "http://localhost:3000/users/index" "Mozilla/5.0 (Macintosh; Intel Mac OS X 10_15_3) AppleWebKit/537.36 (KHTML, like Gecko) Chrome/80.0.3987.132 Safari/537.36"
[2020-04-26T16:21:13.879] [ERROR] access - ::1 - - "GET /users/yuta.sato@sample.com HTTP/1.1" 500 1826 "http://localhost:3000/users/index" "Mozilla/5.0 (Macintosh; Intel Mac OS X 10_15_3) AppleWebKit/537.36 (KHTML, like Gecko) Chrome/80.0.3987.132 Safari/537.36"
[2020-04-26T16:22:32.617] [ERROR] access - ::1 - - "GET /users/yuta.sato@sample.com HTTP/1.1" 500 1868 "http://localhost:3000/users/index" "Mozilla/5.0 (Macintosh; Intel Mac OS X 10_15_3) AppleWebKit/537.36 (KHTML, like Gecko) Chrome/80.0.3987.132 Safari/537.36"
[2020-04-26T16:26:30.542] [ERROR] access - ::1 - - "GET /users/yuta.sato@sample.com HTTP/1.1" 500 1868 "http://localhost:3000/users/index" "Mozilla/5.0 (Macintosh; Intel Mac OS X 10_15_3) AppleWebKit/537.36 (KHTML, like Gecko) Chrome/80.0.3987.132 Safari/537.36"
[2020-04-26T16:26:53.557] [ERROR] access - ::1 - - "GET /users/yuta.sato@sample.com HTTP/1.1" 500 1868 "http://localhost:3000/users/index" "Mozilla/5.0 (Macintosh; Intel Mac OS X 10_15_3) AppleWebKit/537.36 (KHTML, like Gecko) Chrome/80.0.3987.132 Safari/537.36"
[2020-04-26T16:27:16.047] [ERROR] access - ::1 - - "GET /users/yuta.sato@sample.com HTTP/1.1" 500 1868 "http://localhost:3000/users/index" "Mozilla/5.0 (Macintosh; Intel Mac OS X 10_15_3) AppleWebKit/537.36 (KHTML, like Gecko) Chrome/80.0.3987.132 Safari/537.36"
[2020-04-26T16:27:50.354] [ERROR] access - ::1 - - "GET /users/yuta.sato@sample.com HTTP/1.1" 500 1868 "http://localhost:3000/users/index" "Mozilla/5.0 (Macintosh; Intel Mac OS X 10_15_3) AppleWebKit/537.36 (KHTML, like Gecko) Chrome/80.0.3987.132 Safari/537.36"
[2020-04-26T16:28:09.896] [ERROR] access - ::1 - - "GET /users/yuta.sato@sample.com HTTP/1.1" 500 1868 "http://localhost:3000/users/index" "Mozilla/5.0 (Macintosh; Intel Mac OS X 10_15_3) AppleWebKit/537.36 (KHTML, like Gecko) Chrome/80.0.3987.132 Safari/537.36"
[2020-04-26T16:29:34.210] [ERROR] access - ::1 - - "GET /users/yuta.sato@sample.com HTTP/1.1" 500 1939 "http://localhost:3000/users/index" "Mozilla/5.0 (Macintosh; Intel Mac OS X 10_15_3) AppleWebKit/537.36 (KHTML, like Gecko) Chrome/80.0.3987.132 Safari/537.36"
[2020-04-26T16:29:50.783] [ERROR] access - ::1 - - "GET /users/yuta.sato@sample.com HTTP/1.1" 500 1939 "http://localhost:3000/users/index" "Mozilla/5.0 (Macintosh; Intel Mac OS X 10_15_3) AppleWebKit/537.36 (KHTML, like Gecko) Chrome/80.0.3987.132 Safari/537.36"
